# JRE version: OpenJDK Runtime Environment GraalVM CE 22.3.0 (17.0.5+8) (build 17.0.5+8-jvmci-22.3-b08)
# Java VM: OpenJDK 64-Bit Server VM GraalVM CE 22.3.0 (17.0.5+8-jvmci-22.3-b08, mixed mode, sharing, tiered, jvmci, jvmci compiler, compressed oops, compressed class ptrs, parallel gc, linux-amd64)
GC Precious Log:
 CPUs: 8 total, 1 available
 Memory: 1024M
 Large Page Support: Disabled
 NUMA Support: Disabled
 Compressed Oops: Enabled (32-bit)
 Alignments: Space 512K, Generation 512K, Heap 2M
 Heap Min Capacity: 100M
 Heap Initial Capacity: 100M
 Heap Max Capacity: 512M
 Pre-touch: Disabled
 Parallel Workers: 1
Heap:
 PSYoungGen      total 34816K, used 17519K [0x00000000f5580000, 0x00000000f8f80000, 0x0000000100000000)
  eden space 11264K, 99% used [0x00000000f5580000,0x00000000f607fff8,0x00000000f6080000)
  from space 23552K, 26% used [0x00000000f6080000,0x00000000f669bcc0,0x00000000f7780000)
  to   space 23040K, 0% used [0x00000000f7900000,0x00000000f7900000,0x00000000f8f80000)
 ParOldGen       total 349696K, used 349695K [0x00000000e0000000, 0x00000000f5580000, 0x00000000f5580000)
  object space 349696K, 99% used [0x00000000e0000000,0x00000000f557fff0,0x00000000f5580000)
 Metaspace       used 67011K, committed 67904K, reserved 1114112K
  class space    used 6189K, committed 6592K, reserved 1048576K
GC Heap History (20 events):
Event: 3275.812 GC heap before
{Heap before GC invocations=3047 (full 2831):
 PSYoungGen      total 34816K, used 17519K [0x00000000f5580000, 0x00000000f8f80000, 0x0000000100000000)
  eden space 11264K, 99% used [0x00000000f5580000,0x00000000f607fff8,0x00000000f6080000)
  from space 23552K, 26% used [0x00000000f6080000,0x00000000f669bcc0,0x00000000f7780000)
  to   space 23040K, 0% used [0x00000000f7900000,0x00000000f7900000,0x00000000f8f80000)
 ParOldGen       total 349696K, used 349692K [0x00000000e0000000, 0x00000000f5580000, 0x00000000f5580000)
  object space 349696K, 99% used [0x00000000e0000000,0x00000000f557f188,0x00000000f5580000)
 Metaspace       used 67011K, committed 67904K, reserved 1114112K
  class space    used 6189K, committed 6592K, reserved 1048576K
}
Event: 3276.933 GC heap after
{Heap after GC invocations=3047 (full 2831):
 PSYoungGen      total 34816K, used 17519K [0x00000000f5580000, 0x00000000f8f80000, 0x0000000100000000)
  eden space 11264K, 99% used [0x00000000f5580000,0x00000000f607fff8,0x00000000f6080000)
  from space 23552K, 26% used [0x00000000f6080000,0x00000000f669bcc0,0x00000000f7780000)
  to   space 23040K, 0% used [0x00000000f7900000,0x00000000f7900000,0x00000000f8f80000)
 ParOldGen       total 349696K, used 349690K [0x00000000e0000000, 0x00000000f5580000, 0x00000000f5580000)
  object space 349696K, 99% used [0x00000000e0000000,0x00000000f557eba0,0x00000000f5580000)
 Metaspace       used 67011K, committed 67904K, reserved 1114112K
  class space    used 6189K, committed 6592K, reserved 1048576K
}
Event: 3276.934 GC heap before
{Heap before GC invocations=3048 (full 2832):
 PSYoungGen      total 34816K, used 17519K [0x00000000f5580000, 0x00000000f8f80000, 0x0000000100000000)
  eden space 11264K, 99% used [0x00000000f5580000,0x00000000f607fff8,0x00000000f6080000)
  from space 23552K, 26% used [0x00000000f6080000,0x00000000f669bcc0,0x00000000f7780000)
  to   space 23040K, 0% used [0x00000000f7900000,0x00000000f7900000,0x00000000f8f80000)
 ParOldGen       total 349696K, used 349692K [0x00000000e0000000, 0x00000000f5580000, 0x00000000f5580000)
  object space 349696K, 99% used [0x00000000e0000000,0x00000000f557f198,0x00000000f5580000)
 Metaspace       used 67011K, committed 67904K, reserved 1114112K
  class space    used 6189K, committed 6592K, reserved 1048576K
}
Event: 3278.041 GC heap after
{Heap after GC invocations=3048 (full 2832):
 PSYoungGen      total 34816K, used 17519K [0x00000000f5580000, 0x00000000f8f80000, 0x0000000100000000)
  eden space 11264K, 99% used [0x00000000f5580000,0x00000000f607fff8,0x00000000f6080000)
  from space 23552K, 26% used [0x00000000f6080000,0x00000000f669bcc0,0x00000000f7780000)
  to   space 23040K, 0% used [0x00000000f7900000,0x00000000f7900000,0x00000000f8f80000)
 ParOldGen       total 349696K, used 349690K [0x00000000e0000000, 0x00000000f5580000, 0x00000000f5580000)
  object space 349696K, 99% used [0x00000000e0000000,0x00000000f557eba0,0x00000000f5580000)
 Metaspace       used 67011K, committed 67904K, reserved 1114112K
  class space    used 6189K, committed 6592K, reserved 1048576K
}
Event: 3278.044 GC heap before
{Heap before GC invocations=3049 (full 2833):
 PSYoungGen      total 34816K, used 17519K [0x00000000f5580000, 0x00000000f8f80000, 0x0000000100000000)
  eden space 11264K, 99% used [0x00000000f5580000,0x00000000f607fff8,0x00000000f6080000)
  from space 23552K, 26% used [0x00000000f6080000,0x00000000f669bcc0,0x00000000f7780000)
  to   space 23040K, 0% used [0x00000000f7900000,0x00000000f7900000,0x00000000f8f80000)
 ParOldGen       total 349696K, used 349692K [0x00000000e0000000, 0x00000000f5580000, 0x00000000f5580000)
  object space 349696K, 99% used [0x00000000e0000000,0x00000000f557f1a0,0x00000000f5580000)
 Metaspace       used 67011K, committed 67904K, reserved 1114112K
  class space    used 6189K, committed 6592K, reserved 1048576K
}
Event: 3279.242 GC heap after
{Heap after GC invocations=3049 (full 2833):
 PSYoungGen      total 34816K, used 17519K [0x00000000f5580000, 0x00000000f8f80000, 0x0000000100000000)
  eden space 11264K, 99% used [0x00000000f5580000,0x00000000f607fff8,0x00000000f6080000)
  from space 23552K, 26% used [0x00000000f6080000,0x00000000f669bcc0,0x00000000f7780000)
  to   space 23040K, 0% used [0x00000000f7900000,0x00000000f7900000,0x00000000f8f80000)
 ParOldGen       total 349696K, used 349690K [0x00000000e0000000, 0x00000000f5580000, 0x00000000f5580000)
  object space 349696K, 99% used [0x00000000e0000000,0x00000000f557ebb8,0x00000000f5580000)
 Metaspace       used 67011K, committed 67904K, reserved 1114112K
  class space    used 6189K, committed 6592K, reserved 1048576K
}
Event: 3279.243 GC heap before
{Heap before GC invocations=3050 (full 2834):
 PSYoungGen      total 34816K, used 17519K [0x00000000f5580000, 0x00000000f8f80000, 0x0000000100000000)
  eden space 11264K, 99% used [0x00000000f5580000,0x00000000f607fff8,0x00000000f6080000)
  from space 23552K, 26% used [0x00000000f6080000,0x00000000f669bcc0,0x00000000f7780000)
  to   space 23040K, 0% used [0x00000000f7900000,0x00000000f7900000,0x00000000f8f80000)
 ParOldGen       total 349696K, used 349692K [0x00000000e0000000, 0x00000000f5580000, 0x00000000f5580000)
  object space 349696K, 99% used [0x00000000e0000000,0x00000000f557f1b8,0x00000000f5580000)
 Metaspace       used 67011K, committed 67904K, reserved 1114112K
  class space    used 6189K, committed 6592K, reserved 1048576K
}
Event: 3280.342 GC heap after
{Heap after GC invocations=3050 (full 2834):
 PSYoungGen      total 34816K, used 17519K [0x00000000f5580000, 0x00000000f8f80000, 0x0000000100000000)
  eden space 11264K, 99% used [0x00000000f5580000,0x00000000f607fff8,0x00000000f6080000)
  from space 23552K, 26% used [0x00000000f6080000,0x00000000f669bcc0,0x00000000f7780000)
  to   space 23040K, 0% used [0x00000000f7900000,0x00000000f7900000,0x00000000f8f80000)
 ParOldGen       total 349696K, used 349690K [0x00000000e0000000, 0x00000000f5580000, 0x00000000f5580000)
  object space 349696K, 99% used [0x00000000e0000000,0x00000000f557eb88,0x00000000f5580000)
 Metaspace       used 67011K, committed 67904K, reserved 1114112K
  class space    used 6189K, committed 6592K, reserved 1048576K
}
Event: 3280.347 GC heap before
{Heap before GC invocations=3051 (full 2835):
 PSYoungGen      total 34816K, used 17519K [0x00000000f5580000, 0x00000000f8f80000, 0x0000000100000000)
  eden space 11264K, 99% used [0x00000000f5580000,0x00000000f607fff8,0x00000000f6080000)
  from space 23552K, 26% used [0x00000000f6080000,0x00000000f669bcc0,0x00000000f7780000)
  to   space 23040K, 0% used [0x00000000f7900000,0x00000000f7900000,0x00000000f8f80000)
 ParOldGen       total 349696K, used 349692K [0x00000000e0000000, 0x00000000f5580000, 0x00000000f5580000)
  object space 349696K, 99% used [0x00000000e0000000,0x00000000f557f188,0x00000000f5580000)
 Metaspace       used 67011K, committed 67904K, reserved 1114112K
  class space    used 6189K, committed 6592K, reserved 1048576K
}
Event: 3281.419 GC heap after
{Heap after GC invocations=3051 (full 2835):
 PSYoungGen      total 34816K, used 17519K [0x00000000f5580000, 0x00000000f8f80000, 0x0000000100000000)
  eden space 11264K, 99% used [0x00000000f5580000,0x00000000f607fff8,0x00000000f6080000)
  from space 23552K, 26% used [0x00000000f6080000,0x00000000f669bcc0,0x00000000f7780000)
  to   space 23040K, 0% used [0x00000000f7900000,0x00000000f7900000,0x00000000f8f80000)
 ParOldGen       total 349696K, used 349690K [0x00000000e0000000, 0x00000000f5580000, 0x00000000f5580000)
  object space 349696K, 99% used [0x00000000e0000000,0x00000000f557eb80,0x00000000f5580000)
 Metaspace       used 67011K, committed 67904K, reserved 1114112K
  class space    used 6189K, committed 6592K, reserved 1048576K
}
Event: 3281.419 GC heap before
{Heap before GC invocations=3052 (full 2836):
 PSYoungGen      total 34816K, used 17519K [0x00000000f5580000, 0x00000000f8f80000, 0x0000000100000000)
  eden space 11264K, 99% used [0x00000000f5580000,0x00000000f607fff8,0x00000000f6080000)
  from space 23552K, 26% used [0x00000000f6080000,0x00000000f669bcc0,0x00000000f7780000)
  to   space 23040K, 0% used [0x00000000f7900000,0x00000000f7900000,0x00000000f8f80000)
 ParOldGen       total 349696K, used 349692K [0x00000000e0000000, 0x00000000f5580000, 0x00000000f5580000)
  object space 349696K, 99% used [0x00000000e0000000,0x00000000f557f028,0x00000000f5580000)
 Metaspace       used 67011K, committed 67904K, reserved 1114112K
  class space    used 6189K, committed 6592K, reserved 1048576K
}
Event: 3282.539 GC heap after
{Heap after GC invocations=3052 (full 2836):
 PSYoungGen      total 34816K, used 17519K [0x00000000f5580000, 0x00000000f8f80000, 0x0000000100000000)
  eden space 11264K, 99% used [0x00000000f5580000,0x00000000f607fff8,0x00000000f6080000)
  from space 23552K, 26% used [0x00000000f6080000,0x00000000f669bcc0,0x00000000f7780000)
  to   space 23040K, 0% used [0x00000000f7900000,0x00000000f7900000,0x00000000f8f80000)
 ParOldGen       total 349696K, used 349690K [0x00000000e0000000, 0x00000000f5580000, 0x00000000f5580000)
  object space 349696K, 99% used [0x00000000e0000000,0x00000000f557ebb8,0x00000000f5580000)
 Metaspace       used 67011K, committed 67904K, reserved 1114112K
  class space    used 6189K, committed 6592K, reserved 1048576K
}
Event: 3282.539 GC heap before
{Heap before GC invocations=3053 (full 2837):
 PSYoungGen      total 34816K, used 17519K [0x00000000f5580000, 0x00000000f8f80000, 0x0000000100000000)
  eden space 11264K, 99% used [0x00000000f5580000,0x00000000f607fff8,0x00000000f6080000)
  from space 23552K, 26% used [0x00000000f6080000,0x00000000f669bcc0,0x00000000f7780000)
  to   space 23040K, 0% used [0x00000000f7900000,0x00000000f7900000,0x00000000f8f80000)
 ParOldGen       total 349696K, used 349695K [0x00000000e0000000, 0x00000000f5580000, 0x00000000f5580000)
  object space 349696K, 99% used [0x00000000e0000000,0x00000000f557fe30,0x00000000f5580000)
 Metaspace       used 67011K, committed 67904K, reserved 1114112K
  class space    used 6189K, committed 6592K, reserved 1048576K
}
Event: 3283.612 GC heap after
{Heap after GC invocations=3053 (full 2837):
 PSYoungGen      total 34816K, used 17519K [0x00000000f5580000, 0x00000000f8f80000, 0x0000000100000000)
  eden space 11264K, 99% used [0x00000000f5580000,0x00000000f607fff8,0x00000000f6080000)
  from space 23552K, 26% used [0x00000000f6080000,0x00000000f669bcc0,0x00000000f7780000)
  to   space 23040K, 0% used [0x00000000f7900000,0x00000000f7900000,0x00000000f8f80000)
 ParOldGen       total 349696K, used 349694K [0x00000000e0000000, 0x00000000f5580000, 0x00000000f5580000)
  object space 349696K, 99% used [0x00000000e0000000,0x00000000f557f8c0,0x00000000f5580000)
 Metaspace       used 67011K, committed 67904K, reserved 1114112K
  class space    used 6189K, committed 6592K, reserved 1048576K
}
Event: 3283.612 GC heap before
{Heap before GC invocations=3054 (full 2838):
 PSYoungGen      total 34816K, used 17519K [0x00000000f5580000, 0x00000000f8f80000, 0x0000000100000000)
  eden space 11264K, 99% used [0x00000000f5580000,0x00000000f607fff8,0x00000000f6080000)
  from space 23552K, 26% used [0x00000000f6080000,0x00000000f669bcc0,0x00000000f7780000)
  to   space 23040K, 0% used [0x00000000f7900000,0x00000000f7900000,0x00000000f8f80000)
 ParOldGen       total 349696K, used 349695K [0x00000000e0000000, 0x00000000f5580000, 0x00000000f5580000)
  object space 349696K, 99% used [0x00000000e0000000,0x00000000f557fd50,0x00000000f5580000)
 Metaspace       used 67011K, committed 67904K, reserved 1114112K
  class space    used 6189K, committed 6592K, reserved 1048576K
}
Event: 3284.649 GC heap after
{Heap after GC invocations=3054 (full 2838):
 PSYoungGen      total 34816K, used 17519K [0x00000000f5580000, 0x00000000f8f80000, 0x0000000100000000)
  eden space 11264K, 99% used [0x00000000f5580000,0x00000000f607fff8,0x00000000f6080000)
  from space 23552K, 26% used [0x00000000f6080000,0x00000000f669bcc0,0x00000000f7780000)
  to   space 23040K, 0% used [0x00000000f7900000,0x00000000f7900000,0x00000000f8f80000)
 ParOldGen       total 349696K, used 349694K [0x00000000e0000000, 0x00000000f5580000, 0x00000000f5580000)
  object space 349696K, 99% used [0x00000000e0000000,0x00000000f557fab0,0x00000000f5580000)
 Metaspace       used 67011K, committed 67904K, reserved 1114112K
  class space    used 6189K, committed 6592K, reserved 1048576K
}
Event: 3284.650 GC heap before
{Heap before GC invocations=3055 (full 2839):
 PSYoungGen      total 34816K, used 17519K [0x00000000f5580000, 0x00000000f8f80000, 0x0000000100000000)
  eden space 11264K, 99% used [0x00000000f5580000,0x00000000f607fff8,0x00000000f6080000)
  from space 23552K, 26% used [0x00000000f6080000,0x00000000f669bcc0,0x00000000f7780000)
  to   space 23040K, 0% used [0x00000000f7900000,0x00000000f7900000,0x00000000f8f80000)
 ParOldGen       total 349696K, used 349695K [0x00000000e0000000, 0x00000000f5580000, 0x00000000f5580000)
  object space 349696K, 99% used [0x00000000e0000000,0x00000000f557fcc8,0x00000000f5580000)
 Metaspace       used 67011K, committed 67904K, reserved 1114112K
  class space    used 6189K, committed 6592K, reserved 1048576K
}
Event: 3285.757 GC heap after
{Heap after GC invocations=3055 (full 2839):
 PSYoungGen      total 34816K, used 17519K [0x00000000f5580000, 0x00000000f8f80000, 0x0000000100000000)
  eden space 11264K, 99% used [0x00000000f5580000,0x00000000f607fff8,0x00000000f6080000)
  from space 23552K, 26% used [0x00000000f6080000,0x00000000f669bcc0,0x00000000f7780000)
  to   space 23040K, 0% used [0x00000000f7900000,0x00000000f7900000,0x00000000f8f80000)
 ParOldGen       total 349696K, used 349694K [0x00000000e0000000, 0x00000000f5580000, 0x00000000f5580000)
  object space 349696K, 99% used [0x00000000e0000000,0x00000000f557fb00,0x00000000f5580000)
 Metaspace       used 67011K, committed 67904K, reserved 1114112K
  class space    used 6189K, committed 6592K, reserved 1048576K
}
Event: 3285.757 GC heap before
{Heap before GC invocations=3056 (full 2840):
 PSYoungGen      total 34816K, used 17519K [0x00000000f5580000, 0x00000000f8f80000, 0x0000000100000000)
  eden space 11264K, 99% used [0x00000000f5580000,0x00000000f607fff8,0x00000000f6080000)
  from space 23552K, 26% used [0x00000000f6080000,0x00000000f669bcc0,0x00000000f7780000)
  to   space 23040K, 0% used [0x00000000f7900000,0x00000000f7900000,0x00000000f8f80000)
 ParOldGen       total 349696K, used 349694K [0x00000000e0000000, 0x00000000f5580000, 0x00000000f5580000)
  object space 349696K, 99% used [0x00000000e0000000,0x00000000f557fb00,0x00000000f5580000)
 Metaspace       used 67011K, committed 67904K, reserved 1114112K
  class space    used 6189K, committed 6592K, reserved 1048576K
}
Event: 3286.831 GC heap after
{Heap after GC invocations=3056 (full 2840):
 PSYoungGen      total 34816K, used 17519K [0x00000000f5580000, 0x00000000f8f80000, 0x0000000100000000)
  eden space 11264K, 99% used [0x00000000f5580000,0x00000000f607fff8,0x00000000f6080000)
  from space 23552K, 26% used [0x00000000f6080000,0x00000000f669bcc0,0x00000000f7780000)
  to   space 23040K, 0% used [0x00000000f7900000,0x00000000f7900000,0x00000000f8f80000)
 ParOldGen       total 349696K, used 349694K [0x00000000e0000000, 0x00000000f5580000, 0x00000000f5580000)
  object space 349696K, 99% used [0x00000000e0000000,0x00000000f557fb00,0x00000000f5580000)
 Metaspace       used 67011K, committed 67904K, reserved 1114112K
  class space    used 6189K, committed 6592K, reserved 1048576K
}

