# JRE version: OpenJDK Runtime Environment GraalVM CE 22.3.0 (17.0.5+8) (build 17.0.5+8-jvmci-22.3-b08)
# Java VM: OpenJDK 64-Bit Server VM GraalVM CE 22.3.0 (17.0.5+8-jvmci-22.3-b08, mixed mode, sharing, tiered, jvmci, jvmci compiler, compressed oops, compressed class ptrs, parallel gc, linux-amd64)
GC Precious Log:
 CPUs: 8 total, 1 available
 Memory: 1024M
 Large Page Support: Disabled
 NUMA Support: Disabled
 Compressed Oops: Enabled (32-bit)
 Alignments: Space 512K, Generation 512K, Heap 2M
 Heap Min Capacity: 100M
 Heap Initial Capacity: 100M
 Heap Max Capacity: 512M
 Pre-touch: Disabled
 Parallel Workers: 1
Heap:
 PSYoungGen      total 22016K, used 17408K [0x00000000f5580000, 0x00000000f7180000, 0x0000000100000000)
  eden space 17408K, 100% used [0x00000000f5580000,0x00000000f6680000,0x00000000f6680000)
  from space 4608K, 0% used [0x00000000f6c00000,0x00000000f6c00000,0x00000000f7080000)
  to   space 5120K, 0% used [0x00000000f6680000,0x00000000f6680000,0x00000000f6b80000)
 ParOldGen       total 349696K, used 349695K [0x00000000e0000000, 0x00000000f5580000, 0x00000000f5580000)
  object space 349696K, 99% used [0x00000000e0000000,0x00000000f557fff0,0x00000000f5580000)
 Metaspace       used 54846K, committed 55744K, reserved 1105920K
  class space    used 5475K, committed 5824K, reserved 1048576K
GC Heap History (20 events):
Event: 635.997 GC heap before
{Heap before GC invocations=555 (full 412):
 PSYoungGen      total 22016K, used 17407K [0x00000000f5580000, 0x00000000f7180000, 0x0000000100000000)
  eden space 17408K, 99% used [0x00000000f5580000,0x00000000f667fff0,0x00000000f6680000)
  from space 4608K, 0% used [0x00000000f6c00000,0x00000000f6c00000,0x00000000f7080000)
  to   space 5120K, 0% used [0x00000000f6680000,0x00000000f6680000,0x00000000f6b80000)
 ParOldGen       total 349696K, used 349695K [0x00000000e0000000, 0x00000000f5580000, 0x00000000f5580000)
  object space 349696K, 99% used [0x00000000e0000000,0x00000000f557fff0,0x00000000f5580000)
 Metaspace       used 54846K, committed 55744K, reserved 1105920K
  class space    used 5475K, committed 5824K, reserved 1048576K
}
Event: 637.284 GC heap after
{Heap after GC invocations=555 (full 412):
 PSYoungGen      total 22528K, used 17407K [0x00000000f5580000, 0x00000000f7180000, 0x0000000100000000)
  eden space 17408K, 99% used [0x00000000f5580000,0x00000000f667ffd0,0x00000000f6680000)
  from space 5120K, 0% used [0x00000000f6680000,0x00000000f6680000,0x00000000f6b80000)
  to   space 4608K, 0% used [0x00000000f6c00000,0x00000000f6c00000,0x00000000f7080000)
 ParOldGen       total 349696K, used 349695K [0x00000000e0000000, 0x00000000f5580000, 0x00000000f5580000)
  object space 349696K, 99% used [0x00000000e0000000,0x00000000f557fff0,0x00000000f5580000)
 Metaspace       used 54846K, committed 55744K, reserved 1105920K
  class space    used 5475K, committed 5824K, reserved 1048576K
}
Event: 637.284 GC heap before
{Heap before GC invocations=556 (full 413):
 PSYoungGen      total 22528K, used 17408K [0x00000000f5580000, 0x00000000f7180000, 0x0000000100000000)
  eden space 17408K, 100% used [0x00000000f5580000,0x00000000f6680000,0x00000000f6680000)
  from space 5120K, 0% used [0x00000000f6680000,0x00000000f6680000,0x00000000f6b80000)
  to   space 4608K, 0% used [0x00000000f6c00000,0x00000000f6c00000,0x00000000f7080000)
 ParOldGen       total 349696K, used 349695K [0x00000000e0000000, 0x00000000f5580000, 0x00000000f5580000)
  object space 349696K, 99% used [0x00000000e0000000,0x00000000f557fff0,0x00000000f5580000)
 Metaspace       used 54846K, committed 55744K, reserved 1105920K
  class space    used 5475K, committed 5824K, reserved 1048576K
}
Event: 638.675 GC heap after
{Heap after GC invocations=556 (full 413):
 PSYoungGen      total 22016K, used 17408K [0x00000000f5580000, 0x00000000f7180000, 0x0000000100000000)
  eden space 17408K, 100% used [0x00000000f5580000,0x00000000f6680000,0x00000000f6680000)
  from space 4608K, 0% used [0x00000000f6c00000,0x00000000f6c00000,0x00000000f7080000)
  to   space 5120K, 0% used [0x00000000f6680000,0x00000000f6680000,0x00000000f6b80000)
 ParOldGen       total 349696K, used 349695K [0x00000000e0000000, 0x00000000f5580000, 0x00000000f5580000)
  object space 349696K, 99% used [0x00000000e0000000,0x00000000f557fff0,0x00000000f5580000)
 Metaspace       used 54846K, committed 55744K, reserved 1105920K
  class space    used 5475K, committed 5824K, reserved 1048576K
}
Event: 638.675 GC heap before
{Heap before GC invocations=557 (full 414):
 PSYoungGen      total 22016K, used 17408K [0x00000000f5580000, 0x00000000f7180000, 0x0000000100000000)
  eden space 17408K, 100% used [0x00000000f5580000,0x00000000f6680000,0x00000000f6680000)
  from space 4608K, 0% used [0x00000000f6c00000,0x00000000f6c00000,0x00000000f7080000)
  to   space 5120K, 0% used [0x00000000f6680000,0x00000000f6680000,0x00000000f6b80000)
 ParOldGen       total 349696K, used 349695K [0x00000000e0000000, 0x00000000f5580000, 0x00000000f5580000)
  object space 349696K, 99% used [0x00000000e0000000,0x00000000f557fff0,0x00000000f5580000)
 Metaspace       used 54846K, committed 55744K, reserved 1105920K
  class space    used 5475K, committed 5824K, reserved 1048576K
}
Event: 640.055 GC heap after
{Heap after GC invocations=557 (full 414):
 PSYoungGen      total 22528K, used 17408K [0x00000000f5580000, 0x00000000f7180000, 0x0000000100000000)
  eden space 17408K, 100% used [0x00000000f5580000,0x00000000f6680000,0x00000000f6680000)
  from space 5120K, 0% used [0x00000000f6680000,0x00000000f6680000,0x00000000f6b80000)
  to   space 4608K, 0% used [0x00000000f6c00000,0x00000000f6c00000,0x00000000f7080000)
 ParOldGen       total 349696K, used 349695K [0x00000000e0000000, 0x00000000f5580000, 0x00000000f5580000)
  object space 349696K, 99% used [0x00000000e0000000,0x00000000f557fff0,0x00000000f5580000)
 Metaspace       used 54846K, committed 55744K, reserved 1105920K
  class space    used 5475K, committed 5824K, reserved 1048576K
}
Event: 640.056 GC heap before
{Heap before GC invocations=558 (full 415):
 PSYoungGen      total 22528K, used 17408K [0x00000000f5580000, 0x00000000f7180000, 0x0000000100000000)
  eden space 17408K, 100% used [0x00000000f5580000,0x00000000f6680000,0x00000000f6680000)
  from space 5120K, 0% used [0x00000000f6680000,0x00000000f6680000,0x00000000f6b80000)
  to   space 4608K, 0% used [0x00000000f6c00000,0x00000000f6c00000,0x00000000f7080000)
 ParOldGen       total 349696K, used 349695K [0x00000000e0000000, 0x00000000f5580000, 0x00000000f5580000)
  object space 349696K, 99% used [0x00000000e0000000,0x00000000f557fff0,0x00000000f5580000)
 Metaspace       used 54846K, committed 55744K, reserved 1105920K
  class space    used 5475K, committed 5824K, reserved 1048576K
}
Event: 641.435 GC heap after
{Heap after GC invocations=558 (full 415):
 PSYoungGen      total 22016K, used 17408K [0x00000000f5580000, 0x00000000f7180000, 0x0000000100000000)
  eden space 17408K, 100% used [0x00000000f5580000,0x00000000f6680000,0x00000000f6680000)
  from space 4608K, 0% used [0x00000000f6c00000,0x00000000f6c00000,0x00000000f7080000)
  to   space 5120K, 0% used [0x00000000f6680000,0x00000000f6680000,0x00000000f6b80000)
 ParOldGen       total 349696K, used 349695K [0x00000000e0000000, 0x00000000f5580000, 0x00000000f5580000)
  object space 349696K, 99% used [0x00000000e0000000,0x00000000f557fff0,0x00000000f5580000)
 Metaspace       used 54846K, committed 55744K, reserved 1105920K
  class space    used 5475K, committed 5824K, reserved 1048576K
}
Event: 641.435 GC heap before
{Heap before GC invocations=559 (full 416):
 PSYoungGen      total 22016K, used 17408K [0x00000000f5580000, 0x00000000f7180000, 0x0000000100000000)
  eden space 17408K, 100% used [0x00000000f5580000,0x00000000f6680000,0x00000000f6680000)
  from space 4608K, 0% used [0x00000000f6c00000,0x00000000f6c00000,0x00000000f7080000)
  to   space 5120K, 0% used [0x00000000f6680000,0x00000000f6680000,0x00000000f6b80000)
 ParOldGen       total 349696K, used 349695K [0x00000000e0000000, 0x00000000f5580000, 0x00000000f5580000)
  object space 349696K, 99% used [0x00000000e0000000,0x00000000f557fff0,0x00000000f5580000)
 Metaspace       used 54846K, committed 55744K, reserved 1105920K
  class space    used 5475K, committed 5824K, reserved 1048576K
}
Event: 642.785 GC heap after
{Heap after GC invocations=559 (full 416):
 PSYoungGen      total 22528K, used 17408K [0x00000000f5580000, 0x00000000f7180000, 0x0000000100000000)
  eden space 17408K, 100% used [0x00000000f5580000,0x00000000f6680000,0x00000000f6680000)
  from space 5120K, 0% used [0x00000000f6680000,0x00000000f6680000,0x00000000f6b80000)
  to   space 4608K, 0% used [0x00000000f6c00000,0x00000000f6c00000,0x00000000f7080000)
 ParOldGen       total 349696K, used 349695K [0x00000000e0000000, 0x00000000f5580000, 0x00000000f5580000)
  object space 349696K, 99% used [0x00000000e0000000,0x00000000f557fff0,0x00000000f5580000)
 Metaspace       used 54846K, committed 55744K, reserved 1105920K
  class space    used 5475K, committed 5824K, reserved 1048576K
}
Event: 642.786 GC heap before
{Heap before GC invocations=560 (full 417):
 PSYoungGen      total 22528K, used 17408K [0x00000000f5580000, 0x00000000f7180000, 0x0000000100000000)
  eden space 17408K, 100% used [0x00000000f5580000,0x00000000f6680000,0x00000000f6680000)
  from space 5120K, 0% used [0x00000000f6680000,0x00000000f6680000,0x00000000f6b80000)
  to   space 4608K, 0% used [0x00000000f6c00000,0x00000000f6c00000,0x00000000f7080000)
 ParOldGen       total 349696K, used 349695K [0x00000000e0000000, 0x00000000f5580000, 0x00000000f5580000)
  object space 349696K, 99% used [0x00000000e0000000,0x00000000f557fff0,0x00000000f5580000)
 Metaspace       used 54846K, committed 55744K, reserved 1105920K
  class space    used 5475K, committed 5824K, reserved 1048576K
}
Event: 644.085 GC heap after
{Heap after GC invocations=560 (full 417):
 PSYoungGen      total 22016K, used 17408K [0x00000000f5580000, 0x00000000f7180000, 0x0000000100000000)
  eden space 17408K, 100% used [0x00000000f5580000,0x00000000f6680000,0x00000000f6680000)
  from space 4608K, 0% used [0x00000000f6c00000,0x00000000f6c00000,0x00000000f7080000)
  to   space 5120K, 0% used [0x00000000f6680000,0x00000000f6680000,0x00000000f6b80000)
 ParOldGen       total 349696K, used 349695K [0x00000000e0000000, 0x00000000f5580000, 0x00000000f5580000)
  object space 349696K, 99% used [0x00000000e0000000,0x00000000f557fff0,0x00000000f5580000)
 Metaspace       used 54846K, committed 55744K, reserved 1105920K
  class space    used 5475K, committed 5824K, reserved 1048576K
}
Event: 644.085 GC heap before
{Heap before GC invocations=561 (full 418):
 PSYoungGen      total 22016K, used 17408K [0x00000000f5580000, 0x00000000f7180000, 0x0000000100000000)
  eden space 17408K, 100% used [0x00000000f5580000,0x00000000f6680000,0x00000000f6680000)
  from space 4608K, 0% used [0x00000000f6c00000,0x00000000f6c00000,0x00000000f7080000)
  to   space 5120K, 0% used [0x00000000f6680000,0x00000000f6680000,0x00000000f6b80000)
 ParOldGen       total 349696K, used 349695K [0x00000000e0000000, 0x00000000f5580000, 0x00000000f5580000)
  object space 349696K, 99% used [0x00000000e0000000,0x00000000f557fff0,0x00000000f5580000)
 Metaspace       used 54846K, committed 55744K, reserved 1105920K
  class space    used 5475K, committed 5824K, reserved 1048576K
}
Event: 645.539 GC heap after
{Heap after GC invocations=561 (full 418):
 PSYoungGen      total 22528K, used 17408K [0x00000000f5580000, 0x00000000f7180000, 0x0000000100000000)
  eden space 17408K, 100% used [0x00000000f5580000,0x00000000f6680000,0x00000000f6680000)
  from space 5120K, 0% used [0x00000000f6680000,0x00000000f6680000,0x00000000f6b80000)
  to   space 4608K, 0% used [0x00000000f6c00000,0x00000000f6c00000,0x00000000f7080000)
 ParOldGen       total 349696K, used 349695K [0x00000000e0000000, 0x00000000f5580000, 0x00000000f5580000)
  object space 349696K, 99% used [0x00000000e0000000,0x00000000f557fff0,0x00000000f5580000)
 Metaspace       used 54846K, committed 55744K, reserved 1105920K
  class space    used 5475K, committed 5824K, reserved 1048576K
}
Event: 645.540 GC heap before
{Heap before GC invocations=562 (full 419):
 PSYoungGen      total 22528K, used 17408K [0x00000000f5580000, 0x00000000f7180000, 0x0000000100000000)
  eden space 17408K, 100% used [0x00000000f5580000,0x00000000f6680000,0x00000000f6680000)
  from space 5120K, 0% used [0x00000000f6680000,0x00000000f6680000,0x00000000f6b80000)
  to   space 4608K, 0% used [0x00000000f6c00000,0x00000000f6c00000,0x00000000f7080000)
 ParOldGen       total 349696K, used 349695K [0x00000000e0000000, 0x00000000f5580000, 0x00000000f5580000)
  object space 349696K, 99% used [0x00000000e0000000,0x00000000f557fff0,0x00000000f5580000)
 Metaspace       used 54846K, committed 55744K, reserved 1105920K
  class space    used 5475K, committed 5824K, reserved 1048576K
}
Event: 646.905 GC heap after
{Heap after GC invocations=562 (full 419):
 PSYoungGen      total 22016K, used 17408K [0x00000000f5580000, 0x00000000f7180000, 0x0000000100000000)
  eden space 17408K, 100% used [0x00000000f5580000,0x00000000f6680000,0x00000000f6680000)
  from space 4608K, 0% used [0x00000000f6c00000,0x00000000f6c00000,0x00000000f7080000)
  to   space 5120K, 0% used [0x00000000f6680000,0x00000000f6680000,0x00000000f6b80000)
 ParOldGen       total 349696K, used 349695K [0x00000000e0000000, 0x00000000f5580000, 0x00000000f5580000)
  object space 349696K, 99% used [0x00000000e0000000,0x00000000f557fed0,0x00000000f5580000)
 Metaspace       used 54846K, committed 55744K, reserved 1105920K
  class space    used 5475K, committed 5824K, reserved 1048576K
}
Event: 646.905 GC heap before
{Heap before GC invocations=563 (full 420):
 PSYoungGen      total 22016K, used 17408K [0x00000000f5580000, 0x00000000f7180000, 0x0000000100000000)
  eden space 17408K, 100% used [0x00000000f5580000,0x00000000f6680000,0x00000000f6680000)
  from space 4608K, 0% used [0x00000000f6c00000,0x00000000f6c00000,0x00000000f7080000)
  to   space 5120K, 0% used [0x00000000f6680000,0x00000000f6680000,0x00000000f6b80000)
 ParOldGen       total 349696K, used 349695K [0x00000000e0000000, 0x00000000f5580000, 0x00000000f5580000)
  object space 349696K, 99% used [0x00000000e0000000,0x00000000f557ff10,0x00000000f5580000)
 Metaspace       used 54846K, committed 55744K, reserved 1105920K
  class space    used 5475K, committed 5824K, reserved 1048576K
}
Event: 648.289 GC heap after
{Heap after GC invocations=563 (full 420):
 PSYoungGen      total 22528K, used 17407K [0x00000000f5580000, 0x00000000f7180000, 0x0000000100000000)
  eden space 17408K, 99% used [0x00000000f5580000,0x00000000f667ffe0,0x00000000f6680000)
  from space 5120K, 0% used [0x00000000f6680000,0x00000000f6680000,0x00000000f6b80000)
  to   space 4608K, 0% used [0x00000000f6c00000,0x00000000f6c00000,0x00000000f7080000)
 ParOldGen       total 349696K, used 349695K [0x00000000e0000000, 0x00000000f5580000, 0x00000000f5580000)
  object space 349696K, 99% used [0x00000000e0000000,0x00000000f557ff10,0x00000000f5580000)
 Metaspace       used 54846K, committed 55744K, reserved 1105920K
  class space    used 5475K, committed 5824K, reserved 1048576K
}
Event: 648.289 GC heap before
{Heap before GC invocations=564 (full 421):
 PSYoungGen      total 22528K, used 17407K [0x00000000f5580000, 0x00000000f7180000, 0x0000000100000000)
  eden space 17408K, 99% used [0x00000000f5580000,0x00000000f667ffe0,0x00000000f6680000)
  from space 5120K, 0% used [0x00000000f6680000,0x00000000f6680000,0x00000000f6b80000)
  to   space 4608K, 0% used [0x00000000f6c00000,0x00000000f6c00000,0x00000000f7080000)
 ParOldGen       total 349696K, used 349695K [0x00000000e0000000, 0x00000000f5580000, 0x00000000f5580000)
  object space 349696K, 99% used [0x00000000e0000000,0x00000000f557ff10,0x00000000f5580000)
 Metaspace       used 54846K, committed 55744K, reserved 1105920K
  class space    used 5475K, committed 5824K, reserved 1048576K
}
Event: 649.567 GC heap after
{Heap after GC invocations=564 (full 421):
 PSYoungGen      total 22016K, used 17407K [0x00000000f5580000, 0x00000000f7180000, 0x0000000100000000)
  eden space 17408K, 99% used [0x00000000f5580000,0x00000000f667ffe0,0x00000000f6680000)
  from space 4608K, 0% used [0x00000000f6c00000,0x00000000f6c00000,0x00000000f7080000)
  to   space 5120K, 0% used [0x00000000f6680000,0x00000000f6680000,0x00000000f6b80000)
 ParOldGen       total 349696K, used 349695K [0x00000000e0000000, 0x00000000f5580000, 0x00000000f5580000)
  object space 349696K, 99% used [0x00000000e0000000,0x00000000f557ff10,0x00000000f5580000)
 Metaspace       used 54846K, committed 55744K, reserved 1105920K
  class space    used 5475K, committed 5824K, reserved 1048576K
}

